<?xml version="1.0" encoding="UTF-8" ?>
<testsuite errors="0" failures="1" hostname="Guest644" name="CalculatorTest" skipped="0" tests="1" time="0.125" timestamp="2017-03-03T18:55:53">
  <properties>
    <property name="ant.project.invoked-targets" value="test" />
    <property name="main.build.dir" value="build/main" />
    <property name="java.runtime.name" value="Java(TM) SE Runtime Environment" />
    <property name="sun.boot.library.path" value="C:\Program Files\Java\jdk1.8.0_101\jre\bin" />
    <property name="java.vm.version" value="25.101-b13" />
    <property name="ant.library.dir" value="C:\apache-ant-1.9.7\lib" />
    <property name="ant.version" value="Apache Ant(TM) version 1.9.7 compiled on April 9 2016" />
    <property name="ant.java.version" value="1.8" />
    <property name="java.vm.vendor" value="Oracle Corporation" />
    <property name="java.vendor.url" value="http://java.oracle.com/" />
    <property name="path.separator" value=";" />
    <property name="java.vm.name" value="Java HotSpot(TM) 64-Bit Server VM" />
    <property name="file.encoding.pkg" value="sun.io" />
    <property name="user.script" value="" />
    <property name="user.country" value="US" />
    <property name="sun.java.launcher" value="SUN_STANDARD" />
    <property name="sun.os.patch.level" value="" />
    <property name="java.vm.specification.name" value="Java Virtual Machine Specification" />
    <property name="user.dir" value="C:\Users\miracle\Documents\junit-example" />
    <property name="main.src.dir" value="src/main/java" />
    <property name="java.runtime.version" value="1.8.0_101-b13" />
    <property name="ant.file.junit-example" value="C:\Users\miracle\Documents\junit-example\build.xml" />
    <property name="java.awt.graphicsenv" value="sun.awt.Win32GraphicsEnvironment" />
    <property name="basedir" value="C:\Users\miracle\Documents\junit-example" />
    <property name="java.endorsed.dirs" value="C:\Program Files\Java\jdk1.8.0_101\jre\lib\endorsed" />
    <property name="os.arch" value="amd64" />
    <property name="java.io.tmpdir" value="C:\Users\miracle\AppData\Local\Temp\" />
    <property name="ant.core.lib" value="C:\apache-ant-1.9.7\lib\ant.jar" />
    <property name="line.separator" value="&#xd;&#xa;" />
    <property name="java.vm.specification.vendor" value="Oracle Corporation" />
    <property name="user.variant" value="" />
    <property name="os.name" value="Windows 8.1" />
    <property name="ant.home" value="C:\apache-ant-1.9.7" />
    <property name="test.src.dir" value="src/test/java" />
    <property name="ant.project.name" value="junit-example" />
    <property name="sun.jnu.encoding" value="Cp1252" />
    <property name="java.library.path" value="C:\Program Files\Java\jdk1.8.0_101\jre\bin;C:\Windows\Sun\Java\bin;C:\Windows\system32;C:\Windows;C:\Program Files\Java\jdk1.8.0_101/bin;C:\Program Files\Java\jdk1.8.0_101/bin;C:\apache-ant-1.9.7\bin;C:\Program Files\Docker Toolbox;C:\Users\miracle\AppData\Roaming\npm;C:\Program Files\nodejs\node_modules\npm;C:\Program Files\Java\jdk1.8.0_101\bin;C:\opscode\chefdk\bin\;C:\Program Files\OpenSSH\bin;C:\cygwin64\bin;C:\Program Files\MySQL\MySQL Utilities 1.6\;C:\Program Files\nodejs;C:\Program Files\Cloud Foundry;C:\Users\miracle\AppData\Roaming\Cloud Foundry;C:\Program Files\Git\cmd;Toolbox;C:\Users\miracle\AppData\Roaming\npm;C:\Program Files\nodejs\node_modules\npm;C:\Program Files\Java\jdk1.8.0_101\bin;C:\Program Files\nodejs;C:\Program Files\Git\bin\git.exe;Toolbox;C:\Users\miracle\AppData\Roaming\npm;C:\Program Files\nodejs\node_modules\npm;C:\Program Files\Java\jdk1.8.0_101\bin;C:\Program Files\nodejs;C:\Program Files\Git\bin\git.exe;C:\Program Files\Git\cmd;C:\Users\miracle\apache-maven-3.3.9\bin;C:\apache-ant-1.9.7\bin;C:\Program Files\Docker Toolbox;C:\Users\miracle\AppData\Roaming\npm;C:\Program Files\nodejs\node_modules\npm;C:\Program Files\Java\jdk1.8.0_101\bin;C:\Program Files\nodejs;C:\Program Files\Git\bin\git.exe;C:\Program Files\Git\cmd;." />
    <property name="ant.file.type.junit-example" value="file" />
    <property name="java.specification.name" value="Java Platform API Specification" />
    <property name="java.class.version" value="52.0" />
    <property name="sun.management.compiler" value="HotSpot 64-Bit Tiered Compilers" />
    <property name="os.version" value="6.3" />
    <property name="ant.file" value="C:\Users\miracle\Documents\junit-example\build.xml" />
    <property name="user.home" value="C:\Users\miracle" />
    <property name="user.timezone" value="" />
    <property name="java.awt.printerjob" value="sun.awt.windows.WPrinterJob" />
    <property name="java.specification.version" value="1.8" />
    <property name="file.encoding" value="Cp1252" />
    <property name="user.name" value="miracle" />
    <property name="java.class.path" value="C:\Users\miracle\Documents\junit-example\lib\junit-4.12.jar;C:\Users\miracle\Documents\junit-example\lib\hamcrest-core-1.3.jar;C:\Users\miracle\Documents\junit-example\build\main;C:\Users\miracle\Documents\junit-example\build\test;C:\apache-ant-1.9.7\lib\junit-4.12.jar;C:\apache-ant-1.9.7\lib\ant-launcher.jar;C:\apache-ant-1.9.7\lib\ant.jar;C:\apache-ant-1.9.7\lib\ant-junit.jar;C:\apache-ant-1.9.7\lib\ant-junit4.jar" />
    <property name="java.vm.specification.version" value="1.8" />
    <property name="java.home" value="C:\Program Files\Java\jdk1.8.0_101\jre" />
    <property name="sun.java.command" value="org.apache.tools.ant.taskdefs.optional.junit.JUnitTestRunner CalculatorTest skipNonTests=false filtertrace=true haltOnError=false haltOnFailure=true formatter=org.apache.tools.ant.taskdefs.optional.junit.SummaryJUnitResultFormatter showoutput=false outputtoformatters=true logfailedtests=true threadid=0 logtestlistenerevents=false formatter=org.apache.tools.ant.taskdefs.optional.junit.XMLJUnitResultFormatter,C:\Users\miracle\Documents\junit-example\TEST-CalculatorTest.xml crashfile=C:\Users\miracle\Documents\junit-example\junitvmwatcher6276695440206489394.properties propsfile=C:\Users\miracle\Documents\junit-example\junit1526141944059935206.properties" />
    <property name="sun.arch.data.model" value="64" />
    <property name="java.specification.vendor" value="Oracle Corporation" />
    <property name="user.language" value="en" />
    <property name="awt.toolkit" value="sun.awt.windows.WToolkit" />
    <property name="java.vm.info" value="mixed mode" />
    <property name="java.version" value="1.8.0_101" />
    <property name="java.ext.dirs" value="C:\Program Files\Java\jdk1.8.0_101\jre\lib\ext;C:\Windows\Sun\Java\lib\ext" />
    <property name="sun.boot.class.path" value="C:\Program Files\Java\jdk1.8.0_101\jre\lib\resources.jar;C:\Program Files\Java\jdk1.8.0_101\jre\lib\rt.jar;C:\Program Files\Java\jdk1.8.0_101\jre\lib\sunrsasign.jar;C:\Program Files\Java\jdk1.8.0_101\jre\lib\jsse.jar;C:\Program Files\Java\jdk1.8.0_101\jre\lib\jce.jar;C:\Program Files\Java\jdk1.8.0_101\jre\lib\charsets.jar;C:\Program Files\Java\jdk1.8.0_101\jre\lib\jfr.jar;C:\Program Files\Java\jdk1.8.0_101\jre\classes" />
    <property name="java.vendor" value="Oracle Corporation" />
    <property name="file.separator" value="\" />
    <property name="java.vendor.url.bug" value="http://bugreport.sun.com/bugreport/" />
    <property name="sun.cpu.endian" value="little" />
    <property name="sun.io.unicode.encoding" value="UnicodeLittle" />
    <property name="test.build.dir" value="build/test" />
    <property name="ant.file.type" value="file" />
    <property name="sun.desktop" value="windows" />
    <property name="sun.cpu.isalist" value="amd64" />
  </properties>
  <testcase classname="CalculatorTest" name="evaluatesExpression" time="0.016">
    <failure message="expected:&lt;6&gt; but was:&lt;-6&gt;" type="junit.framework.AssertionFailedError">junit.framework.AssertionFailedError: expected:&lt;6&gt; but was:&lt;-6&gt;
	at CalculatorTest.evaluatesExpression(Unknown Source)
</failure>
  </testcase>
  <system-out><![CDATA[]]></system-out>
  <system-err><![CDATA[]]></system-err>
</testsuite>
